actionid: py27
msg: envreport
cmdargs: ['/Users/xiaochuandai/Desktop/flask-developer-challenge-master/.tox/py27/bin/pip', 'freeze']
env: {'TERM_PROGRAM_VERSION': '361.1', 'LOGNAME': 'xiaochuandai', 'USER': 'xiaochuandai', 'PATH': '/Users/xiaochuandai/Desktop/flask-developer-challenge-master/.tox/py27/bin:/usr/local/bin:/usr/bin:/bin:/usr/sbin:/sbin', 'HOME': '/Users/xiaochuandai', 'TERM_PROGRAM': 'Apple_Terminal', 'LANG': 'en_CA.UTF-8', 'TERM': 'xterm-256color', 'Apple_PubSub_Socket_Render': '/private/tmp/com.apple.launchd.8CsZElGEt4/Render', 'SHLVL': '1', 'SECURITYSESSIONID': '186a7', 'XPC_FLAGS': '0x0', 'PYTHONHASHSEED': '74112560', 'TMPDIR': '/var/folders/9b/z7kb8_8x35z2gc60ylthc67m0000gn/T/', 'TERM_SESSION_ID': '3E9D86F9-509E-41E0-A98D-25F02D6573D1', 'XPC_SERVICE_NAME': '0', 'SSH_AUTH_SOCK': '/private/tmp/com.apple.launchd.76nbGVtvmO/Listeners', 'VIRTUAL_ENV': '/Users/xiaochuandai/Desktop/flask-developer-challenge-master/.tox/py27', 'SHELL': '/bin/bash', '_': '/usr/local/bin/tox', 'OLDPWD': '/Users/xiaochuandai/Desktop/challenge-react-master', 'CLICOLOR': '1', '__CF_USER_TEXT_ENCODING': '0x1F5:0x0:0x0', 'PWD': '/Users/xiaochuandai/Desktop/flask-developer-challenge-master'}

cffi==1.5.2
cryptography==1.2.3
enum34==1.1.2
Flask==0.10.1
gistapi==0.1.0
gunicorn==19.4.5
idna==2.0
ipaddress==1.0.16
itsdangerous==0.24
Jinja2==2.8
MarkupSafe==0.23
ndg-httpsclient==0.4.0
py==1.4.31
pyasn1==0.1.9
pycparser==2.14
pymongo==3.3.0
pyOpenSSL==0.15.1
pytest==3.0.1
requests==2.9.1
six==1.10.0
Werkzeug==0.11.4
